<?xml version="1.0" encoding="UTF-8"?>
<!-- Generated by org.testng.reporters.JUnitReportReporter -->
<testsuite hostname="Dinesh_Omen" failures="0" tests="1" name="TestCases.TC_002_LoginTest" time="0.859" errors="0" timestamp="2023-12-05T17:08:56 IST" skipped="0">
  <testcase classname="TestCases.TC_002_LoginTest" name="test_Login" time="0.859"/>
</testsuite> <!-- TestCases.TC_002_LoginTest -->
