<?xml version="1.0" encoding="UTF-8"?>
<!-- Generated by org.testng.reporters.JUnitReportReporter -->
<testsuite hostname="Dinesh_Omen" failures="0" tests="1" name="TestCases.AccountRegistrationTest" time="1.153" errors="0" timestamp="2023-12-05T17:35:39 IST" skipped="0">
  <testcase classname="TestCases.AccountRegistrationTest" name="test_registration" time="1.153"/>
</testsuite> <!-- TestCases.AccountRegistrationTest -->
